Validating found git in: git
Using git 1.8.3.1 from git
> git rev-parse --git-dir
Open repository: /home/csgrads/kmitt006/xv6-public
> git status -z -u
> git symbolic-ref --short HEAD
> git for-each-ref --format=%(refname)%00%(upstream:short)%00%(objectname) refs/heads/master refs/remotes/master
> git rev-list --left-right --count master...origin/master
> git for-each-ref --sort -committerdate --format %(refname) %(objectname) %(*objectname)
> git remote --verbose
Warning: Failed to watch ref '/home/csgrads/kmitt006/xv6-public/.git/refs/remotes/origin/master', is most likely packed.
> git config --get commit.template
> git check-ignore -v -z --stdin
> git show --textconv :sysproc.c
> git ls-files --stage -- /home/csgrads/kmitt006/xv6-public/sysproc.c
> git cat-file -s 0686d295b6929896b2d9055bfda82ed98a3fdf80
> git check-ignore -v -z --stdin
> git status -z -u
Opening repository for path='/home/csgrads/kmitt006/xv6-public' failed; ex=spawn git ENOENT {
  "gitErrorCode": "NotAGitRepository"
}Error: spawn git ENOENT
	at Process.ChildProcess._handle.onexit (internal/child_process.js:269:19)
	at onErrorNT (internal/child_process.js:465:16)
	at processTicksAndRejections (internal/process/task_queues.js:80:21)
