Validating found git in: git
Using git 1.8.3.1 from git
> git rev-parse --git-dir
Open repository: /home/csgrads/kmitt006/xv6-public
> git status -z -u
> git symbolic-ref --short HEAD
> git for-each-ref --format=%(refname)%00%(upstream:short)%00%(objectname) refs/heads/master refs/remotes/master
> git rev-list --left-right --count master...origin/master
> git for-each-ref --sort -committerdate --format %(refname) %(objectname) %(*objectname)
> git remote --verbose
Warning: Failed to watch ref '/home/csgrads/kmitt006/xv6-public/.git/refs/remotes/origin/master', is most likely packed.
> git config --get commit.template
> git check-ignore -v -z --stdin
> git show --textconv :proc.c
> git ls-files --stage -- /home/csgrads/kmitt006/xv6-public/proc.c
> git cat-file -s 806b1b184b4e8333eb29f418157c96651b1f724f
> git status -z -u
> git symbolic-ref --short HEAD
> git for-each-ref --format=%(refname)%00%(upstream:short)%00%(objectname) refs/heads/master refs/remotes/master
> git rev-list --left-right --count master...origin/master
> git for-each-ref --sort -committerdate --format %(refname) %(objectname) %(*objectname)
> git remote --verbose
Warning: Failed to watch ref '/home/csgrads/kmitt006/xv6-public/.git/refs/remotes/origin/master', is most likely packed.
> git config --get commit.template
> git show --textconv :proc.h
> git ls-files --stage -- /home/csgrads/kmitt006/xv6-public/proc.h
> git cat-file -s 164711417999c474cd8411496f93fbc1a94eea15
> git show --textconv :user.h
> git ls-files --stage -- /home/csgrads/kmitt006/xv6-public/user.h
> git cat-file -s 4f99c52ba6c2380d64453462fb276382351a9157
> git check-ignore -v -z --stdin
> git show --textconv :lab2_test.c
> git ls-files --stage -- /home/csgrads/kmitt006/xv6-public/lab2_test.c
> git check-ignore -v -z --stdin
> git show --textconv :proc.c
> git ls-files --stage -- /home/csgrads/kmitt006/xv6-public/proc.c
> git cat-file -s 806b1b184b4e8333eb29f418157c96651b1f724f
> git status -z -u
> git symbolic-ref --short HEAD
> git for-each-ref --format=%(refname)%00%(upstream:short)%00%(objectname) refs/heads/master refs/remotes/master
> git rev-list --left-right --count master...origin/master
> git for-each-ref --sort -committerdate --format %(refname) %(objectname) %(*objectname)
> git remote --verbose
Warning: Failed to watch ref '/home/csgrads/kmitt006/xv6-public/.git/refs/remotes/origin/master', is most likely packed.
> git config --get commit.template
> git status -z -u
> git symbolic-ref --short HEAD
> git for-each-ref --format=%(refname)%00%(upstream:short)%00%(objectname) refs/heads/master refs/remotes/master
> git rev-list --left-right --count master...origin/master
> git for-each-ref --sort -committerdate --format %(refname) %(objectname) %(*objectname)
> git remote --verbose
Warning: Failed to watch ref '/home/csgrads/kmitt006/xv6-public/.git/refs/remotes/origin/master', is most likely packed.
> git config --get commit.template
> git status -z -u
> git symbolic-ref --short HEAD
> git for-each-ref --format=%(refname)%00%(upstream:short)%00%(objectname) refs/heads/master refs/remotes/master
> git rev-list --left-right --count master...origin/master
> git for-each-ref --sort -committerdate --format %(refname) %(objectname) %(*objectname)
> git remote --verbose
Warning: Failed to watch ref '/home/csgrads/kmitt006/xv6-public/.git/refs/remotes/origin/master', is most likely packed.
> git config --get commit.template
> git status -z -u
> git symbolic-ref --short HEAD
> git for-each-ref --format=%(refname)%00%(upstream:short)%00%(objectname) refs/heads/master refs/remotes/master
> git rev-list --left-right --count master...origin/master
> git for-each-ref --sort -committerdate --format %(refname) %(objectname) %(*objectname)
> git remote --verbose
Warning: Failed to watch ref '/home/csgrads/kmitt006/xv6-public/.git/refs/remotes/origin/master', is most likely packed.
> git config --get commit.template
> git status -z -u
> git symbolic-ref --short HEAD
> git for-each-ref --format=%(refname)%00%(upstream:short)%00%(objectname) refs/heads/master refs/remotes/master
> git rev-list --left-right --count master...origin/master
> git for-each-ref --sort -committerdate --format %(refname) %(objectname) %(*objectname)
> git remote --verbose
Warning: Failed to watch ref '/home/csgrads/kmitt006/xv6-public/.git/refs/remotes/origin/master', is most likely packed.
> git config --get commit.template
> git status -z -u
> git symbolic-ref --short HEAD
> git for-each-ref --format=%(refname)%00%(upstream:short)%00%(objectname) refs/heads/master refs/remotes/master
> git rev-list --left-right --count master...origin/master
> git for-each-ref --sort -committerdate --format %(refname) %(objectname) %(*objectname)
> git remote --verbose
Warning: Failed to watch ref '/home/csgrads/kmitt006/xv6-public/.git/refs/remotes/origin/master', is most likely packed.
> git config --get commit.template
> git status -z -u
> git symbolic-ref --short HEAD
> git for-each-ref --format=%(refname)%00%(upstream:short)%00%(objectname) refs/heads/master refs/remotes/master
> git rev-list --left-right --count master...origin/master
> git for-each-ref --sort -committerdate --format %(refname) %(objectname) %(*objectname)
> git remote --verbose
Warning: Failed to watch ref '/home/csgrads/kmitt006/xv6-public/.git/refs/remotes/origin/master', is most likely packed.
> git config --get commit.template
> git show --textconv :lab2_test.c
> git ls-files --stage -- /home/csgrads/kmitt006/xv6-public/lab2_test.c
> git show --textconv :proc.h
> git ls-files --stage -- /home/csgrads/kmitt006/xv6-public/proc.h
> git cat-file -s 164711417999c474cd8411496f93fbc1a94eea15
> git check-ignore -v -z --stdin
