[2021-11-03 21:21:00.387] [exthost] [info] extension host started
[2021-11-03 21:21:00.402] [exthost] [info] Lock '/home/csgrads/kmitt006/.vscode-server/data/User/workspaceStorage/99c4465242e27ae6415a4276a98bb9c0/vscode.lock': Lock acquired.
[2021-11-03 21:21:00.506] [exthost] [info] ExtensionService#_doActivateExtension vscode.debug-auto-launch, startup: true, activationEvent: '*'
[2021-11-03 21:21:00.507] [exthost] [info] ExtensionService#loadCommonJSModule file:///home/csgrads/kmitt006/.vscode-server/bin/6cba118ac49a1b88332f312a8f67186f7f3c1643/extensions/debug-auto-launch/dist/extension
[2021-11-03 21:21:00.518] [exthost] [info] ExtensionService#_doActivateExtension vscode.git, startup: true, activationEvent: '*', root cause: vscode.github
[2021-11-03 21:21:00.518] [exthost] [info] ExtensionService#loadCommonJSModule file:///home/csgrads/kmitt006/.vscode-server/bin/6cba118ac49a1b88332f312a8f67186f7f3c1643/extensions/git/dist/main
[2021-11-03 21:21:00.698] [exthost] [info] ExtensionService#_doActivateExtension vscode.github, startup: true, activationEvent: '*'
[2021-11-03 21:21:00.698] [exthost] [info] ExtensionService#loadCommonJSModule file:///home/csgrads/kmitt006/.vscode-server/bin/6cba118ac49a1b88332f312a8f67186f7f3c1643/extensions/github/dist/extension.js
[2021-11-03 21:21:00.804] [exthost] [info] ExtensionService#_doActivateExtension vscode.emmet, startup: false, activationEvent: 'onStartupFinished'
[2021-11-03 21:21:00.804] [exthost] [info] ExtensionService#loadCommonJSModule file:///home/csgrads/kmitt006/.vscode-server/bin/6cba118ac49a1b88332f312a8f67186f7f3c1643/extensions/emmet/dist/node/emmetNodeMain
[2021-11-03 21:21:00.823] [exthost] [info] ExtensionService#_doActivateExtension vscode.merge-conflict, startup: false, activationEvent: 'onStartupFinished'
[2021-11-03 21:21:00.823] [exthost] [info] ExtensionService#loadCommonJSModule file:///home/csgrads/kmitt006/.vscode-server/bin/6cba118ac49a1b88332f312a8f67186f7f3c1643/extensions/merge-conflict/dist/mergeConflictMain
[2021-11-03 21:21:00.828] [exthost] [info] eager extensions activated
[2021-11-03 21:21:00.870] [exthost] [info] ExtensionService#_doActivateExtension ms-vscode.js-debug, startup: false, activationEvent: 'onCommand:extension.js-debug.clearAutoAttachVariables'
[2021-11-03 21:21:00.870] [exthost] [info] ExtensionService#loadCommonJSModule file:///home/csgrads/kmitt006/.vscode-server/bin/6cba118ac49a1b88332f312a8f67186f7f3c1643/extensions/ms-vscode.js-debug/src/extension.js
[2021-11-03 21:21:01.515] [exthost] [warning] [Decorations] CAPPING events from decorations provider vscode.git 7465
[2021-11-03 21:21:14.754] [exthost] [warning] [Decorations] CAPPING events from decorations provider vscode.git 7466
[2021-11-03 21:21:23.793] [exthost] [warning] [Decorations] CAPPING events from decorations provider vscode.git 7466
[2021-11-03 21:22:11.817] [exthost] [error] {"message":"Git error","stdout":"","stderr":"fatal: Path 'CS153-Lab2/xv6/_cat' is in submodule 'CS153-Lab2/xv6'\n","exitCode":128,"gitErrorCode":"IsInSubmodule"}
[2021-11-03 21:22:11.817] [exthost] [error] {"message":"Git error","stdout":"","stderr":"fatal: Path 'CS153-Lab2/xv6/_cat' is in submodule 'CS153-Lab2/xv6'\n","exitCode":128,"gitErrorCode":"IsInSubmodule"}
[2021-11-03 21:22:11.817] [exthost] [error] {"message":"Git error","stdout":"","stderr":"fatal: Path 'CS153-Lab2/xv6/_cat' is in submodule 'CS153-Lab2/xv6'\n","exitCode":128,"gitErrorCode":"IsInSubmodule"}
[2021-11-03 21:22:11.817] [exthost] [error] {"message":"Git error","stdout":"","stderr":"fatal: Path 'CS153-Lab2/xv6/_cat' is in submodule 'CS153-Lab2/xv6'\n","exitCode":128,"gitErrorCode":"IsInSubmodule"}
[2021-11-03 21:22:11.817] [exthost] [error] {"message":"Git error","stdout":"","stderr":"fatal: Path 'CS153-Lab2/xv6/_cat' is in submodule 'CS153-Lab2/xv6'\n","exitCode":128,"gitErrorCode":"IsInSubmodule"}
[2021-11-03 21:22:11.817] [exthost] [error] {"message":"Git error","stdout":"","stderr":"fatal: Path 'CS153-Lab2/xv6/_cat' is in submodule 'CS153-Lab2/xv6'\n","exitCode":128,"gitErrorCode":"IsInSubmodule"}
[2021-11-03 21:22:11.817] [exthost] [error] {"message":"Git error","stdout":"","stderr":"fatal: Path 'CS153-Lab2/xv6/_cat' is in submodule 'CS153-Lab2/xv6'\n","exitCode":128,"gitErrorCode":"IsInSubmodule"}
[2021-11-03 21:22:11.817] [exthost] [error] {"message":"Git error","stdout":"","stderr":"fatal: Path 'CS153-Lab2/xv6/_cat' is in submodule 'CS153-Lab2/xv6'\n","exitCode":128,"gitErrorCode":"IsInSubmodule"}
[2021-11-03 21:22:11.817] [exthost] [error] {"message":"Git error","stdout":"","stderr":"fatal: Path 'CS153-Lab2/xv6/_cat' is in submodule 'CS153-Lab2/xv6'\n","exitCode":128,"gitErrorCode":"IsInSubmodule"}
[2021-11-03 21:22:11.817] [exthost] [error] {"message":"Git error","stdout":"","stderr":"fatal: Path 'CS153-Lab2/xv6/_cat' is in submodule 'CS153-Lab2/xv6'\n","exitCode":128,"gitErrorCode":"IsInSubmodule"}
[2021-11-03 21:22:11.817] [exthost] [error] {"message":"Git error","stdout":"","stderr":"fatal: Path 'CS153-Lab2/xv6/_cat' is in submodule 'CS153-Lab2/xv6'\n","exitCode":128,"gitErrorCode":"IsInSubmodule"}
[2021-11-03 21:22:11.817] [exthost] [error] {"message":"Git error","stdout":"","stderr":"fatal: Path 'CS153-Lab2/xv6/_cat' is in submodule 'CS153-Lab2/xv6'\n","exitCode":128,"gitErrorCode":"IsInSubmodule"}
[2021-11-03 21:22:11.817] [exthost] [error] {"message":"Git error","stdout":"","stderr":"fatal: Path 'CS153-Lab2/xv6/_cat' is in submodule 'CS153-Lab2/xv6'\n","exitCode":128,"gitErrorCode":"IsInSubmodule"}
[2021-11-03 21:22:11.817] [exthost] [error] {"message":"Git error","stdout":"","stderr":"fatal: Path 'CS153-Lab2/xv6/_cat' is in submodule 'CS153-Lab2/xv6'\n","exitCode":128,"gitErrorCode":"IsInSubmodule"}
[2021-11-03 21:22:11.817] [exthost] [error] {"message":"Git error","stdout":"","stderr":"fatal: Path 'CS153-Lab2/xv6/_cat' is in submodule 'CS153-Lab2/xv6'\n","exitCode":128,"gitErrorCode":"IsInSubmodule"}
[2021-11-03 21:22:11.817] [exthost] [error] {"message":"Git error","stdout":"","stderr":"fatal: Path 'CS153-Lab2/xv6/_cat' is in submodule 'CS153-Lab2/xv6'\n","exitCode":128,"gitErrorCode":"IsInSubmodule"}
[2021-11-03 21:22:11.817] [exthost] [error] {"message":"Git error","stdout":"","stderr":"fatal: Path 'CS153-Lab2/xv6/_cat' is in submodule 'CS153-Lab2/xv6'\n","exitCode":128,"gitErrorCode":"IsInSubmodule"}
[2021-11-03 21:22:11.817] [exthost] [error] {"message":"Git error","stdout":"","stderr":"fatal: Path 'CS153-Lab2/xv6/_cat' is in submodule 'CS153-Lab2/xv6'\n","exitCode":128,"gitErrorCode":"IsInSubmodule"}
[2021-11-03 21:22:11.817] [exthost] [error] {"message":"Git error","stdout":"","stderr":"fatal: Path 'CS153-Lab2/xv6/_cat' is in submodule 'CS153-Lab2/xv6'\n","exitCode":128,"gitErrorCode":"IsInSubmodule"}
[2021-11-03 21:22:11.817] [exthost] [error] {"message":"Git error","stdout":"","stderr":"fatal: Path 'CS153-Lab2/xv6/_cat' is in submodule 'CS153-Lab2/xv6'\n","exitCode":128,"gitErrorCode":"IsInSubmodule"}
[2021-11-03 21:22:11.817] [exthost] [error] {"message":"Git error","stdout":"","stderr":"fatal: Path 'CS153-Lab2/xv6/_cat' is in submodule 'CS153-Lab2/xv6'\n","exitCode":128,"gitErrorCode":"IsInSubmodule"}
[2021-11-03 21:22:11.817] [exthost] [error] {"message":"Git error","stdout":"","stderr":"fatal: Path 'CS153-Lab2/xv6/_cat' is in submodule 'CS153-Lab2/xv6'\n","exitCode":128,"gitErrorCode":"IsInSubmodule"}
[2021-11-03 21:22:11.818] [exthost] [error] {"message":"Git error","stdout":"","stderr":"fatal: Path 'CS153-Lab2/xv6/_cat' is in submodule 'CS153-Lab2/xv6'\n","exitCode":128,"gitErrorCode":"IsInSubmodule"}
[2021-11-03 21:22:11.818] [exthost] [error] {"message":"Git error","stdout":"","stderr":"fatal: Path 'CS153-Lab2/xv6/_cat' is in submodule 'CS153-Lab2/xv6'\n","exitCode":128,"gitErrorCode":"IsInSubmodule"}
[2021-11-03 21:22:11.818] [exthost] [error] {"message":"Git error","stdout":"","stderr":"fatal: Path 'CS153-Lab2/xv6/_cat' is in submodule 'CS153-Lab2/xv6'\n","exitCode":128,"gitErrorCode":"IsInSubmodule"}
[2021-11-03 21:22:11.818] [exthost] [error] {"message":"Git error","stdout":"","stderr":"fatal: Path 'CS153-Lab2/xv6/_cat' is in submodule 'CS153-Lab2/xv6'\n","exitCode":128,"gitErrorCode":"IsInSubmodule"}
[2021-11-03 21:22:11.818] [exthost] [error] {"message":"Git error","stdout":"","stderr":"fatal: Path 'CS153-Lab2/xv6/_cat' is in submodule 'CS153-Lab2/xv6'\n","exitCode":128,"gitErrorCode":"IsInSubmodule"}
[2021-11-03 21:22:11.818] [exthost] [error] {"message":"Git error","stdout":"","stderr":"fatal: Path 'CS153-Lab2/xv6/_cat' is in submodule 'CS153-Lab2/xv6'\n","exitCode":128,"gitErrorCode":"IsInSubmodule"}
[2021-11-03 21:22:11.818] [exthost] [error] {"message":"Git error","stdout":"","stderr":"fatal: Path 'CS153-Lab2/xv6/_cat' is in submodule 'CS153-Lab2/xv6'\n","exitCode":128,"gitErrorCode":"IsInSubmodule"}
[2021-11-03 21:22:11.818] [exthost] [error] {"message":"Git error","stdout":"","stderr":"fatal: Path 'CS153-Lab2/xv6/_cat' is in submodule 'CS153-Lab2/xv6'\n","exitCode":128,"gitErrorCode":"IsInSubmodule"}
[2021-11-03 21:22:11.818] [exthost] [error] {"message":"Git error","stdout":"","stderr":"fatal: Path 'CS153-Lab2/xv6/_cat' is in submodule 'CS153-Lab2/xv6'\n","exitCode":128,"gitErrorCode":"IsInSubmodule"}
[2021-11-03 21:22:11.818] [exthost] [error] {"message":"Git error","stdout":"","stderr":"fatal: Path 'CS153-Lab2/xv6/_cat' is in submodule 'CS153-Lab2/xv6'\n","exitCode":128,"gitErrorCode":"IsInSubmodule"}
[2021-11-03 21:22:11.818] [exthost] [error] {"message":"Git error","stdout":"","stderr":"fatal: Path 'CS153-Lab2/xv6/_cat' is in submodule 'CS153-Lab2/xv6'\n","exitCode":128,"gitErrorCode":"IsInSubmodule"}
[2021-11-03 21:22:11.818] [exthost] [error] {"message":"Git error","stdout":"","stderr":"fatal: Path 'CS153-Lab2/xv6/_cat' is in submodule 'CS153-Lab2/xv6'\n","exitCode":128,"gitErrorCode":"IsInSubmodule"}
[2021-11-03 21:22:11.818] [exthost] [error] {"message":"Git error","stdout":"","stderr":"fatal: Path 'CS153-Lab2/xv6/_cat' is in submodule 'CS153-Lab2/xv6'\n","exitCode":128,"gitErrorCode":"IsInSubmodule"}
[2021-11-03 21:22:13.836] [exthost] [error] {"message":"Git error","stdout":"","stderr":"fatal: Path 'CS153-Lab2/xv6/buf.h' is in submodule 'CS153-Lab2/xv6'\n","exitCode":128,"gitErrorCode":"IsInSubmodule"}
[2021-11-03 21:22:13.836] [exthost] [error] {"message":"Git error","stdout":"","stderr":"fatal: Path 'CS153-Lab2/xv6/buf.h' is in submodule 'CS153-Lab2/xv6'\n","exitCode":128,"gitErrorCode":"IsInSubmodule"}
[2021-11-03 21:22:13.836] [exthost] [error] {"message":"Git error","stdout":"","stderr":"fatal: Path 'CS153-Lab2/xv6/buf.h' is in submodule 'CS153-Lab2/xv6'\n","exitCode":128,"gitErrorCode":"IsInSubmodule"}
[2021-11-03 21:22:13.837] [exthost] [error] {"message":"Git error","stdout":"","stderr":"fatal: Path 'CS153-Lab2/xv6/buf.h' is in submodule 'CS153-Lab2/xv6'\n","exitCode":128,"gitErrorCode":"IsInSubmodule"}
[2021-11-03 21:22:13.837] [exthost] [error] {"message":"Git error","stdout":"","stderr":"fatal: Path 'CS153-Lab2/xv6/buf.h' is in submodule 'CS153-Lab2/xv6'\n","exitCode":128,"gitErrorCode":"IsInSubmodule"}
[2021-11-03 21:22:13.837] [exthost] [error] {"message":"Git error","stdout":"","stderr":"fatal: Path 'CS153-Lab2/xv6/buf.h' is in submodule 'CS153-Lab2/xv6'\n","exitCode":128,"gitErrorCode":"IsInSubmodule"}
[2021-11-03 21:22:13.837] [exthost] [error] {"message":"Git error","stdout":"","stderr":"fatal: Path 'CS153-Lab2/xv6/buf.h' is in submodule 'CS153-Lab2/xv6'\n","exitCode":128,"gitErrorCode":"IsInSubmodule"}
[2021-11-03 21:22:13.838] [exthost] [error] {"message":"Git error","stdout":"","stderr":"fatal: Path 'CS153-Lab2/xv6/buf.h' is in submodule 'CS153-Lab2/xv6'\n","exitCode":128,"gitErrorCode":"IsInSubmodule"}
[2021-11-03 21:22:13.838] [exthost] [error] {"message":"Git error","stdout":"","stderr":"fatal: Path 'CS153-Lab2/xv6/buf.h' is in submodule 'CS153-Lab2/xv6'\n","exitCode":128,"gitErrorCode":"IsInSubmodule"}
[2021-11-03 21:22:13.838] [exthost] [error] {"message":"Git error","stdout":"","stderr":"fatal: Path 'CS153-Lab2/xv6/buf.h' is in submodule 'CS153-Lab2/xv6'\n","exitCode":128,"gitErrorCode":"IsInSubmodule"}
[2021-11-03 21:22:13.838] [exthost] [error] {"message":"Git error","stdout":"","stderr":"fatal: Path 'CS153-Lab2/xv6/buf.h' is in submodule 'CS153-Lab2/xv6'\n","exitCode":128,"gitErrorCode":"IsInSubmodule"}
[2021-11-03 21:22:13.838] [exthost] [error] {"message":"Git error","stdout":"","stderr":"fatal: Path 'CS153-Lab2/xv6/buf.h' is in submodule 'CS153-Lab2/xv6'\n","exitCode":128,"gitErrorCode":"IsInSubmodule"}
[2021-11-03 21:22:13.838] [exthost] [error] {"message":"Git error","stdout":"","stderr":"fatal: Path 'CS153-Lab2/xv6/buf.h' is in submodule 'CS153-Lab2/xv6'\n","exitCode":128,"gitErrorCode":"IsInSubmodule"}
[2021-11-03 21:22:13.839] [exthost] [error] {"message":"Git error","stdout":"","stderr":"fatal: Path 'CS153-Lab2/xv6/buf.h' is in submodule 'CS153-Lab2/xv6'\n","exitCode":128,"gitErrorCode":"IsInSubmodule"}
[2021-11-03 21:22:13.839] [exthost] [error] {"message":"Git error","stdout":"","stderr":"fatal: Path 'CS153-Lab2/xv6/buf.h' is in submodule 'CS153-Lab2/xv6'\n","exitCode":128,"gitErrorCode":"IsInSubmodule"}
[2021-11-03 21:22:13.839] [exthost] [error] {"message":"Git error","stdout":"","stderr":"fatal: Path 'CS153-Lab2/xv6/buf.h' is in submodule 'CS153-Lab2/xv6'\n","exitCode":128,"gitErrorCode":"IsInSubmodule"}
[2021-11-03 21:22:13.839] [exthost] [error] {"message":"Git error","stdout":"","stderr":"fatal: Path 'CS153-Lab2/xv6/buf.h' is in submodule 'CS153-Lab2/xv6'\n","exitCode":128,"gitErrorCode":"IsInSubmodule"}
[2021-11-03 21:22:13.839] [exthost] [error] {"message":"Git error","stdout":"","stderr":"fatal: Path 'CS153-Lab2/xv6/buf.h' is in submodule 'CS153-Lab2/xv6'\n","exitCode":128,"gitErrorCode":"IsInSubmodule"}
[2021-11-03 21:22:13.840] [exthost] [error] {"message":"Git error","stdout":"","stderr":"fatal: Path 'CS153-Lab2/xv6/buf.h' is in submodule 'CS153-Lab2/xv6'\n","exitCode":128,"gitErrorCode":"IsInSubmodule"}
[2021-11-03 21:22:13.840] [exthost] [error] {"message":"Git error","stdout":"","stderr":"fatal: Path 'CS153-Lab2/xv6/buf.h' is in submodule 'CS153-Lab2/xv6'\n","exitCode":128,"gitErrorCode":"IsInSubmodule"}
[2021-11-03 21:22:13.840] [exthost] [error] {"message":"Git error","stdout":"","stderr":"fatal: Path 'CS153-Lab2/xv6/buf.h' is in submodule 'CS153-Lab2/xv6'\n","exitCode":128,"gitErrorCode":"IsInSubmodule"}
[2021-11-03 21:22:13.840] [exthost] [error] {"message":"Git error","stdout":"","stderr":"fatal: Path 'CS153-Lab2/xv6/buf.h' is in submodule 'CS153-Lab2/xv6'\n","exitCode":128,"gitErrorCode":"IsInSubmodule"}
[2021-11-03 21:22:13.840] [exthost] [error] {"message":"Git error","stdout":"","stderr":"fatal: Path 'CS153-Lab2/xv6/buf.h' is in submodule 'CS153-Lab2/xv6'\n","exitCode":128,"gitErrorCode":"IsInSubmodule"}
[2021-11-03 21:22:13.840] [exthost] [error] {"message":"Git error","stdout":"","stderr":"fatal: Path 'CS153-Lab2/xv6/buf.h' is in submodule 'CS153-Lab2/xv6'\n","exitCode":128,"gitErrorCode":"IsInSubmodule"}
[2021-11-03 21:22:13.840] [exthost] [error] {"message":"Git error","stdout":"","stderr":"fatal: Path 'CS153-Lab2/xv6/buf.h' is in submodule 'CS153-Lab2/xv6'\n","exitCode":128,"gitErrorCode":"IsInSubmodule"}
[2021-11-03 21:22:13.841] [exthost] [error] {"message":"Git error","stdout":"","stderr":"fatal: Path 'CS153-Lab2/xv6/buf.h' is in submodule 'CS153-Lab2/xv6'\n","exitCode":128,"gitErrorCode":"IsInSubmodule"}
[2021-11-03 21:22:16.011] [exthost] [error] {"message":"Git error","stdout":"","stderr":"fatal: Path 'CS153-Lab2/xv6/proc.c' is in submodule 'CS153-Lab2/xv6'\n","exitCode":128,"gitErrorCode":"IsInSubmodule"}
[2021-11-03 21:22:16.011] [exthost] [error] {"message":"Git error","stdout":"","stderr":"fatal: Path 'CS153-Lab2/xv6/proc.c' is in submodule 'CS153-Lab2/xv6'\n","exitCode":128,"gitErrorCode":"IsInSubmodule"}
[2021-11-03 21:22:16.011] [exthost] [error] {"message":"Git error","stdout":"","stderr":"fatal: Path 'CS153-Lab2/xv6/proc.c' is in submodule 'CS153-Lab2/xv6'\n","exitCode":128,"gitErrorCode":"IsInSubmodule"}
[2021-11-03 21:22:16.011] [exthost] [error] {"message":"Git error","stdout":"","stderr":"fatal: Path 'CS153-Lab2/xv6/proc.c' is in submodule 'CS153-Lab2/xv6'\n","exitCode":128,"gitErrorCode":"IsInSubmodule"}
[2021-11-03 21:22:16.011] [exthost] [error] {"message":"Git error","stdout":"","stderr":"fatal: Path 'CS153-Lab2/xv6/proc.c' is in submodule 'CS153-Lab2/xv6'\n","exitCode":128,"gitErrorCode":"IsInSubmodule"}
[2021-11-03 21:22:16.011] [exthost] [error] {"message":"Git error","stdout":"","stderr":"fatal: Path 'CS153-Lab2/xv6/proc.c' is in submodule 'CS153-Lab2/xv6'\n","exitCode":128,"gitErrorCode":"IsInSubmodule"}
[2021-11-03 21:22:16.011] [exthost] [error] {"message":"Git error","stdout":"","stderr":"fatal: Path 'CS153-Lab2/xv6/proc.c' is in submodule 'CS153-Lab2/xv6'\n","exitCode":128,"gitErrorCode":"IsInSubmodule"}
[2021-11-03 21:22:16.011] [exthost] [error] {"message":"Git error","stdout":"","stderr":"fatal: Path 'CS153-Lab2/xv6/proc.c' is in submodule 'CS153-Lab2/xv6'\n","exitCode":128,"gitErrorCode":"IsInSubmodule"}
[2021-11-03 21:22:16.011] [exthost] [error] {"message":"Git error","stdout":"","stderr":"fatal: Path 'CS153-Lab2/xv6/proc.c' is in submodule 'CS153-Lab2/xv6'\n","exitCode":128,"gitErrorCode":"IsInSubmodule"}
[2021-11-03 21:22:16.011] [exthost] [error] {"message":"Git error","stdout":"","stderr":"fatal: Path 'CS153-Lab2/xv6/proc.c' is in submodule 'CS153-Lab2/xv6'\n","exitCode":128,"gitErrorCode":"IsInSubmodule"}
[2021-11-03 21:22:16.011] [exthost] [error] {"message":"Git error","stdout":"","stderr":"fatal: Path 'CS153-Lab2/xv6/proc.c' is in submodule 'CS153-Lab2/xv6'\n","exitCode":128,"gitErrorCode":"IsInSubmodule"}
[2021-11-03 21:22:16.011] [exthost] [error] {"message":"Git error","stdout":"","stderr":"fatal: Path 'CS153-Lab2/xv6/proc.c' is in submodule 'CS153-Lab2/xv6'\n","exitCode":128,"gitErrorCode":"IsInSubmodule"}
[2021-11-03 21:22:16.011] [exthost] [error] {"message":"Git error","stdout":"","stderr":"fatal: Path 'CS153-Lab2/xv6/proc.c' is in submodule 'CS153-Lab2/xv6'\n","exitCode":128,"gitErrorCode":"IsInSubmodule"}
[2021-11-03 21:22:16.011] [exthost] [error] {"message":"Git error","stdout":"","stderr":"fatal: Path 'CS153-Lab2/xv6/proc.c' is in submodule 'CS153-Lab2/xv6'\n","exitCode":128,"gitErrorCode":"IsInSubmodule"}
[2021-11-03 21:22:16.011] [exthost] [error] {"message":"Git error","stdout":"","stderr":"fatal: Path 'CS153-Lab2/xv6/proc.c' is in submodule 'CS153-Lab2/xv6'\n","exitCode":128,"gitErrorCode":"IsInSubmodule"}
[2021-11-03 21:22:16.012] [exthost] [error] {"message":"Git error","stdout":"","stderr":"fatal: Path 'CS153-Lab2/xv6/proc.c' is in submodule 'CS153-Lab2/xv6'\n","exitCode":128,"gitErrorCode":"IsInSubmodule"}
[2021-11-03 21:22:16.012] [exthost] [error] {"message":"Git error","stdout":"","stderr":"fatal: Path 'CS153-Lab2/xv6/proc.c' is in submodule 'CS153-Lab2/xv6'\n","exitCode":128,"gitErrorCode":"IsInSubmodule"}
[2021-11-03 21:22:16.012] [exthost] [error] {"message":"Git error","stdout":"","stderr":"fatal: Path 'CS153-Lab2/xv6/proc.c' is in submodule 'CS153-Lab2/xv6'\n","exitCode":128,"gitErrorCode":"IsInSubmodule"}
[2021-11-03 21:22:16.012] [exthost] [error] {"message":"Git error","stdout":"","stderr":"fatal: Path 'CS153-Lab2/xv6/proc.c' is in submodule 'CS153-Lab2/xv6'\n","exitCode":128,"gitErrorCode":"IsInSubmodule"}
[2021-11-03 21:22:16.012] [exthost] [error] {"message":"Git error","stdout":"","stderr":"fatal: Path 'CS153-Lab2/xv6/proc.c' is in submodule 'CS153-Lab2/xv6'\n","exitCode":128,"gitErrorCode":"IsInSubmodule"}
[2021-11-03 21:22:16.013] [exthost] [error] {"message":"Git error","stdout":"","stderr":"fatal: Path 'CS153-Lab2/xv6/proc.c' is in submodule 'CS153-Lab2/xv6'\n","exitCode":128,"gitErrorCode":"IsInSubmodule"}
[2021-11-03 21:22:16.013] [exthost] [error] {"message":"Git error","stdout":"","stderr":"fatal: Path 'CS153-Lab2/xv6/proc.c' is in submodule 'CS153-Lab2/xv6'\n","exitCode":128,"gitErrorCode":"IsInSubmodule"}
[2021-11-03 21:22:16.013] [exthost] [error] {"message":"Git error","stdout":"","stderr":"fatal: Path 'CS153-Lab2/xv6/proc.c' is in submodule 'CS153-Lab2/xv6'\n","exitCode":128,"gitErrorCode":"IsInSubmodule"}
[2021-11-03 21:22:16.013] [exthost] [error] {"message":"Git error","stdout":"","stderr":"fatal: Path 'CS153-Lab2/xv6/proc.c' is in submodule 'CS153-Lab2/xv6'\n","exitCode":128,"gitErrorCode":"IsInSubmodule"}
[2021-11-03 21:22:16.013] [exthost] [error] {"message":"Git error","stdout":"","stderr":"fatal: Path 'CS153-Lab2/xv6/proc.c' is in submodule 'CS153-Lab2/xv6'\n","exitCode":128,"gitErrorCode":"IsInSubmodule"}
[2021-11-03 21:22:16.013] [exthost] [error] {"message":"Git error","stdout":"","stderr":"fatal: Path 'CS153-Lab2/xv6/proc.c' is in submodule 'CS153-Lab2/xv6'\n","exitCode":128,"gitErrorCode":"IsInSubmodule"}
[2021-11-03 21:22:16.013] [exthost] [error] {"message":"Git error","stdout":"","stderr":"fatal: Path 'CS153-Lab2/xv6/proc.c' is in submodule 'CS153-Lab2/xv6'\n","exitCode":128,"gitErrorCode":"IsInSubmodule"}
[2021-11-03 21:22:16.013] [exthost] [error] {"message":"Git error","stdout":"","stderr":"fatal: Path 'CS153-Lab2/xv6/proc.c' is in submodule 'CS153-Lab2/xv6'\n","exitCode":128,"gitErrorCode":"IsInSubmodule"}
[2021-11-03 21:22:16.013] [exthost] [error] {"message":"Git error","stdout":"","stderr":"fatal: Path 'CS153-Lab2/xv6/proc.c' is in submodule 'CS153-Lab2/xv6'\n","exitCode":128,"gitErrorCode":"IsInSubmodule"}
[2021-11-03 21:22:16.013] [exthost] [error] {"message":"Git error","stdout":"","stderr":"fatal: Path 'CS153-Lab2/xv6/proc.c' is in submodule 'CS153-Lab2/xv6'\n","exitCode":128,"gitErrorCode":"IsInSubmodule"}
[2021-11-03 21:22:16.013] [exthost] [error] {"message":"Git error","stdout":"","stderr":"fatal: Path 'CS153-Lab2/xv6/proc.c' is in submodule 'CS153-Lab2/xv6'\n","exitCode":128,"gitErrorCode":"IsInSubmodule"}
[2021-11-03 21:22:16.013] [exthost] [error] {"message":"Git error","stdout":"","stderr":"fatal: Path 'CS153-Lab2/xv6/proc.c' is in submodule 'CS153-Lab2/xv6'\n","exitCode":128,"gitErrorCode":"IsInSubmodule"}
[2021-11-03 21:22:16.013] [exthost] [error] {"message":"Git error","stdout":"","stderr":"fatal: Path 'CS153-Lab2/xv6/proc.c' is in submodule 'CS153-Lab2/xv6'\n","exitCode":128,"gitErrorCode":"IsInSubmodule"}
[2021-11-03 21:22:16.013] [exthost] [error] {"message":"Git error","stdout":"","stderr":"fatal: Path 'CS153-Lab2/xv6/proc.c' is in submodule 'CS153-Lab2/xv6'\n","exitCode":128,"gitErrorCode":"IsInSubmodule"}
[2021-11-03 21:22:16.013] [exthost] [error] {"message":"Git error","stdout":"","stderr":"fatal: Path 'CS153-Lab2/xv6/proc.c' is in submodule 'CS153-Lab2/xv6'\n","exitCode":128,"gitErrorCode":"IsInSubmodule"}
[2021-11-03 21:23:22.099] [exthost] [warning] [Decorations] CAPPING events from decorations provider vscode.git 7466
[2021-11-03 21:24:18.450] [exthost] [warning] [Decorations] CAPPING events from decorations provider vscode.git 7466
[2021-11-03 21:26:41.239] [exthost] [warning] [Decorations] CAPPING events from decorations provider vscode.git 7466
[2021-11-03 21:27:33.612] [exthost] [warning] [Decorations] CAPPING events from decorations provider vscode.git 7465
[2021-11-03 21:29:48.968] [exthost] [warning] [Decorations] CAPPING events from decorations provider vscode.git 7465
[2021-11-03 21:31:17.087] [exthost] [warning] [Decorations] CAPPING events from decorations provider vscode.git 7465
[2021-11-03 21:32:55.831] [exthost] [warning] [Decorations] CAPPING events from decorations provider vscode.git 7465
[2021-11-03 21:35:27.068] [exthost] [warning] [Decorations] CAPPING events from decorations provider vscode.git 7465
[2021-11-03 21:37:55.500] [exthost] [warning] [Decorations] CAPPING events from decorations provider vscode.git 7569
